0 info it worked if it ends with ok
1 verbose cli [ 'C:\\Users\\axel.kunz\\node-v6.11.2-win-x64\\node-v6.11.2-win-x64\\node.exe',
1 verbose cli   'C:\\Users\\axel.kunz\\node-v6.11.2-win-x64\\node-v6.11.2-win-x64\\node_modules\\npm\\bin\\npm-cli.js',
1 verbose cli   'start' ]
2 info using npm@3.10.10
3 info using node@v6.11.2
4 verbose run-script [ 'prestart', 'start', 'poststart' ]
5 info lifecycle mainzed_website@1.0.0~prestart: mainzed_website@1.0.0
6 silly lifecycle mainzed_website@1.0.0~prestart: no script for prestart, continuing
7 info lifecycle mainzed_website@1.0.0~start: mainzed_website@1.0.0
8 verbose lifecycle mainzed_website@1.0.0~start: unsafe-perm in lifecycle true
9 verbose lifecycle mainzed_website@1.0.0~start: PATH: C:\Users\axel.kunz\node-v6.11.2-win-x64\node-v6.11.2-win-x64\node_modules\npm\bin\node-gyp-bin;C:\Users\axel.kunz\projects\website\node_modules\.bin;C;C:\Users\axel.kunz\VSCode-win32-ia32-1.14.2\bin;C;C:\Users\axel.kunz\node-v6.11.2-win-x64\node-v6.11.2-win-x64;U:\bin;C:\Users\axel.kunz\AppData\Local\Programs\Git\mingw64\bin;C:\Users\axel.kunz\AppData\Local\Programs\Git\usr\local\bin;C:\Users\axel.kunz\AppData\Local\Programs\Git\usr\bin;C:\Users\axel.kunz\AppData\Local\Programs\Git\usr\bin;C:\Users\axel.kunz\AppData\Local\Programs\Git\mingw64\bin;C:\Users\axel.kunz\AppData\Local\Programs\Git\usr\bin;U:\bin;C:\ProgramData\Oracle\Java\javapath;C:\Windows\system32;C:\Windows;C:\Windows\System32\Wbem;C:\Windows\System32\WindowsPowerShell\v1.0;C:\Users\axel.kunz\AppData\Local\Microsoft\WindowsApps;C:\Users\axel.kunz\AppData\Local\GitHubDesktop\bin;C:\Users\axel.kunz\AppData\Local\Programs\Git\usr\bin\vendor_perl;C:\Users\axel.kunz\AppData\Local\Programs\Git\usr\bin\core_perl
10 verbose lifecycle mainzed_website@1.0.0~start: CWD: C:\Users\axel.kunz\projects\website
11 silly lifecycle mainzed_website@1.0.0~start: Args: [ '/d /s /c',
11 silly lifecycle   'concurrently -k --names "PHP,Less" --prefix-colors "magenta.bold,blue.bold" "npm run watch-server" "npm run watch-less"' ]
12 silly lifecycle mainzed_website@1.0.0~start: Returned: code: 1  signal: null
13 info lifecycle mainzed_website@1.0.0~start: Failed to exec start script
14 verbose stack Error: mainzed_website@1.0.0 start: `concurrently -k --names "PHP,Less" --prefix-colors "magenta.bold,blue.bold" "npm run watch-server" "npm run watch-less"`
14 verbose stack Exit status 1
14 verbose stack     at EventEmitter.<anonymous> (C:\Users\axel.kunz\node-v6.11.2-win-x64\node-v6.11.2-win-x64\node_modules\npm\lib\utils\lifecycle.js:255:16)
14 verbose stack     at emitTwo (events.js:106:13)
14 verbose stack     at EventEmitter.emit (events.js:191:7)
14 verbose stack     at ChildProcess.<anonymous> (C:\Users\axel.kunz\node-v6.11.2-win-x64\node-v6.11.2-win-x64\node_modules\npm\lib\utils\spawn.js:40:14)
14 verbose stack     at emitTwo (events.js:106:13)
14 verbose stack     at ChildProcess.emit (events.js:191:7)
14 verbose stack     at maybeClose (internal/child_process.js:891:16)
14 verbose stack     at Process.ChildProcess._handle.onexit (internal/child_process.js:226:5)
15 verbose pkgid mainzed_website@1.0.0
16 verbose cwd C:\Users\axel.kunz\projects\website
17 error Windows_NT 10.0.14393
18 error argv "C:\\Users\\axel.kunz\\node-v6.11.2-win-x64\\node-v6.11.2-win-x64\\node.exe" "C:\\Users\\axel.kunz\\node-v6.11.2-win-x64\\node-v6.11.2-win-x64\\node_modules\\npm\\bin\\npm-cli.js" "start"
19 error node v6.11.2
20 error npm  v3.10.10
21 error code ELIFECYCLE
22 error mainzed_website@1.0.0 start: `concurrently -k --names "PHP,Less" --prefix-colors "magenta.bold,blue.bold" "npm run watch-server" "npm run watch-less"`
22 error Exit status 1
23 error Failed at the mainzed_website@1.0.0 start script 'concurrently -k --names "PHP,Less" --prefix-colors "magenta.bold,blue.bold" "npm run watch-server" "npm run watch-less"'.
23 error Make sure you have the latest version of node.js and npm installed.
23 error If you do, this is most likely a problem with the mainzed_website package,
23 error not with npm itself.
23 error Tell the author that this fails on your system:
23 error     concurrently -k --names "PHP,Less" --prefix-colors "magenta.bold,blue.bold" "npm run watch-server" "npm run watch-less"
23 error You can get information on how to open an issue for this project with:
23 error     npm bugs mainzed_website
23 error Or if that isn't available, you can get their info via:
23 error     npm owner ls mainzed_website
23 error There is likely additional logging output above.
24 verbose exit [ 1, true ]
